This is pdfTeX, Version 3.14159265-2.6-1.40.16 (TeX Live 2015) (preloaded format=pdflatex 2015.5.24)  6 APR 2018 10:31
entering extended mode
 restricted \write18 enabled.
 file:line:error style messages enabled.
 %&-line parsing enabled.
**preamble_math.tex
(./preamble_math.tex
LaTeX2e <2015/01/01>
Babel <3.9l> and hyphenation patterns for 79 languages loaded.
./preamble_math.tex:4: Undefined control sequence.
l.4 \DeclareMathOperator
                        *{\argmax}{arg\,max}
? 
./preamble_math.tex:4: Emergency stop.
l.4 \DeclareMathOperator
                        *{\argmax}{arg\,max}
End of file on the terminal!

 
Here is how much of TeX's memory you used:
 8 strings out of 493089
 166 string characters out of 6134842
 53199 words of memory out of 5000000
 3593 multiletter control sequences out of 15000+600000
 3640 words of font info for 14 fonts, out of 8000000 for 9000
 1141 hyphenation exceptions out of 8191
 7i,0n,5p,70b,8s stack positions out of 5000i,500n,10000p,200000b,80000s
./preamble_math.tex:4:  ==> Fatal error occurred, no output PDF file produced!
